c:\users\lenovo\desktop\do\finalproject\client\x64\debug\logger.obj
c:\users\lenovo\desktop\do\finalproject\client\x64\debug\utilities.obj
c:\users\lenovo\desktop\do\finalproject\client\x64\debug\mainwindow.obj
c:\users\lenovo\desktop\do\finalproject\client\x64\debug\cpp11-blockingqueue.obj
c:\users\lenovo\desktop\do\finalproject\client\x64\debug\sockets.obj
c:\users\lenovo\desktop\do\finalproject\client\x64\debug\moc_dialog.obj
c:\users\lenovo\desktop\do\finalproject\client\x64\debug\moc_mainwindow.obj
c:\users\lenovo\desktop\do\finalproject\client\x64\debug\message.obj
c:\users\lenovo\desktop\do\finalproject\client\x64\debug\dialog.obj
c:\users\lenovo\desktop\do\finalproject\client\x64\debug\httpcommcore.obj
c:\users\lenovo\desktop\do\finalproject\client\x64\debug\main.obj
c:\users\lenovo\desktop\do\finalproject\client\x64\debug\vc141.pdb
c:\users\lenovo\desktop\do\finalproject\client\generatedfiles\debug\moc_dialog.cpp
c:\users\lenovo\desktop\do\finalproject\client\generatedfiles\debug\moc_mainwindow.cpp
c:\users\lenovo\desktop\do\finalproject\client\generatedfiles\ui_dialog.h
c:\users\lenovo\desktop\do\finalproject\client\generatedfiles\ui_mainwindow.h
c:\users\lenovo\desktop\do\finalproject\client\debug\moc_predefs.h
c:\users\lenovo\desktop\do\finalproject\client\debug\client.exe
c:\users\lenovo\desktop\do\finalproject\client\debug\client.ilk
c:\users\lenovo\desktop\do\finalproject\client\debug\client.pdb
c:\users\lenovo\desktop\do\finalproject\client\x64\debug\client.tlog\cl.command.1.tlog
c:\users\lenovo\desktop\do\finalproject\client\x64\debug\client.tlog\cl.read.1.tlog
c:\users\lenovo\desktop\do\finalproject\client\x64\debug\client.tlog\cl.write.1.tlog
c:\users\lenovo\desktop\do\finalproject\client\x64\debug\client.tlog\client.write.1u.tlog
c:\users\lenovo\desktop\do\finalproject\client\x64\debug\client.tlog\custombuild.command.1.tlog
c:\users\lenovo\desktop\do\finalproject\client\x64\debug\client.tlog\custombuild.read.1.tlog
c:\users\lenovo\desktop\do\finalproject\client\x64\debug\client.tlog\custombuild.write.1.tlog
c:\users\lenovo\desktop\do\finalproject\client\x64\debug\client.tlog\link.command.1.tlog
c:\users\lenovo\desktop\do\finalproject\client\x64\debug\client.tlog\link.read.1.tlog
c:\users\lenovo\desktop\do\finalproject\client\x64\debug\client.tlog\link.write.1.tlog
